-------------------------------------------------------------------------------
Test set: edu.somewhere.KSBCampusServiceClientTest
-------------------------------------------------------------------------------
Tests run: 1, Failures: 0, Errors: 1, Skipped: 0, Time elapsed: 2.085 sec <<< FAILURE!
campusServiceTest(edu.somewhere.KSBCampusServiceClientTest)  Time elapsed: 2.056 sec  <<< ERROR!
javax.xml.ws.soap.SOAPFaultException: Security processing failed.
	at org.apache.cxf.jaxws.JaxWsClientProxy.invoke(JaxWsClientProxy.java:155)
	at com.sun.proxy.$Proxy35.findAllCampuses(Unknown Source)
	at edu.somewhere.KSBCampusServiceClientTest.campusServiceTest(KSBCampusServiceClientTest.java:23)
	at sun.reflect.NativeMethodAccessorImpl.invoke0(Native Method)
	at sun.reflect.NativeMethodAccessorImpl.invoke(NativeMethodAccessorImpl.java:62)
	at sun.reflect.DelegatingMethodAccessorImpl.invoke(DelegatingMethodAccessorImpl.java:43)
	at java.lang.reflect.Method.invoke(Method.java:498)
	at org.junit.runners.model.FrameworkMethod$1.runReflectiveCall(FrameworkMethod.java:47)
	at org.junit.internal.runners.model.ReflectiveCallable.run(ReflectiveCallable.java:12)
	at org.junit.runners.model.FrameworkMethod.invokeExplosively(FrameworkMethod.java:44)
	at org.junit.internal.runners.statements.InvokeMethod.evaluate(InvokeMethod.java:17)
	at org.junit.runners.ParentRunner.runLeaf(ParentRunner.java:271)
	at org.junit.runners.BlockJUnit4ClassRunner.runChild(BlockJUnit4ClassRunner.java:70)
	at org.junit.runners.BlockJUnit4ClassRunner.runChild(BlockJUnit4ClassRunner.java:50)
	at org.junit.runners.ParentRunner$3.run(ParentRunner.java:238)
	at org.junit.runners.ParentRunner$1.schedule(ParentRunner.java:63)
	at org.junit.runners.ParentRunner.runChildren(ParentRunner.java:236)
	at org.junit.runners.ParentRunner.access$000(ParentRunner.java:53)
	at org.junit.runners.ParentRunner$2.evaluate(ParentRunner.java:229)
	at org.junit.runners.ParentRunner.run(ParentRunner.java:309)
	at org.apache.maven.surefire.junit4.JUnit4Provider.execute(JUnit4Provider.java:252)
	at org.apache.maven.surefire.junit4.JUnit4Provider.executeTestSet(JUnit4Provider.java:141)
	at org.apache.maven.surefire.junit4.JUnit4Provider.invoke(JUnit4Provider.java:112)
	at sun.reflect.NativeMethodAccessorImpl.invoke0(Native Method)
	at sun.reflect.NativeMethodAccessorImpl.invoke(NativeMethodAccessorImpl.java:62)
	at sun.reflect.DelegatingMethodAccessorImpl.invoke(DelegatingMethodAccessorImpl.java:43)
	at java.lang.reflect.Method.invoke(Method.java:498)
	at org.apache.maven.surefire.util.ReflectionUtils.invokeMethodWithArray(ReflectionUtils.java:189)
	at org.apache.maven.surefire.booter.ProviderFactory$ProviderProxy.invoke(ProviderFactory.java:165)
	at org.apache.maven.surefire.booter.ProviderFactory.invokeProvider(ProviderFactory.java:85)
	at org.apache.maven.surefire.booter.ForkedBooter.runSuitesInProcess(ForkedBooter.java:115)
	at org.apache.maven.surefire.booter.ForkedBooter.main(ForkedBooter.java:75)
Caused by: org.apache.ws.security.WSSecurityException: class org.apache.ws.security.components.crypto.Merlin cannot create instance
	at org.apache.ws.security.components.crypto.CryptoFactory.loadClass(CryptoFactory.java:224)
	at org.apache.ws.security.components.crypto.CryptoFactory.getInstance(CryptoFactory.java:117)
	at org.apache.ws.security.components.crypto.CryptoFactory.getInstance(CryptoFactory.java:169)
	at org.apache.cxf.ws.security.wss4j.AbstractWSS4JInterceptor.loadCryptoFromPropertiesFile(AbstractWSS4JInterceptor.java:212)
	at org.apache.ws.security.handler.WSHandler.loadCrypto(WSHandler.java:876)
	at org.apache.ws.security.handler.WSHandler.loadSignatureCrypto(WSHandler.java:794)
	at org.apache.ws.security.handler.WSHandler.doSenderAction(WSHandler.java:143)
	at org.apache.cxf.ws.security.wss4j.WSS4JOutInterceptor.access$200(WSS4JOutInterceptor.java:52)
	at org.apache.cxf.ws.security.wss4j.WSS4JOutInterceptor$WSS4JOutInterceptorInternal.handleMessage(WSS4JOutInterceptor.java:260)
	at org.apache.cxf.ws.security.wss4j.WSS4JOutInterceptor$WSS4JOutInterceptorInternal.handleMessage(WSS4JOutInterceptor.java:136)
	at org.apache.cxf.phase.PhaseInterceptorChain.doIntercept(PhaseInterceptorChain.java:271)
	at org.apache.cxf.endpoint.ClientImpl.doInvoke(ClientImpl.java:530)
	at org.apache.cxf.endpoint.ClientImpl.invoke(ClientImpl.java:463)
	at org.apache.cxf.endpoint.ClientImpl.invoke(ClientImpl.java:366)
	at org.apache.cxf.endpoint.ClientImpl.invoke(ClientImpl.java:319)
	at org.apache.cxf.frontend.ClientProxy.invokeSync(ClientProxy.java:96)
	at org.apache.cxf.jaxws.JaxWsClientProxy.invoke(JaxWsClientProxy.java:133)
	... 31 more
Caused by: java.lang.reflect.InvocationTargetException
	at sun.reflect.NativeConstructorAccessorImpl.newInstance0(Native Method)
	at sun.reflect.NativeConstructorAccessorImpl.newInstance(NativeConstructorAccessorImpl.java:62)
	at sun.reflect.DelegatingConstructorAccessorImpl.newInstance(DelegatingConstructorAccessorImpl.java:45)
	at java.lang.reflect.Constructor.newInstance(Constructor.java:423)
	at org.apache.ws.security.components.crypto.CryptoFactory.loadClass(CryptoFactory.java:219)
	... 47 more
Caused by: org.apache.ws.security.components.crypto.CredentialException: Failed to load credentials.
	at org.apache.ws.security.components.crypto.Merlin.load(Merlin.java:371)
	at org.apache.ws.security.components.crypto.Merlin.loadProperties(Merlin.java:190)
	at org.apache.ws.security.components.crypto.Merlin.<init>(Merlin.java:140)
	... 52 more
Caused by: java.io.IOException: Keystore was tampered with, or password was incorrect
	at sun.security.provider.JavaKeyStore.engineLoad(JavaKeyStore.java:780)
	at sun.security.provider.JavaKeyStore$JKS.engineLoad(JavaKeyStore.java:56)
	at sun.security.provider.KeyStoreDelegator.engineLoad(KeyStoreDelegator.java:224)
	at sun.security.provider.JavaKeyStore$DualFormatJKS.engineLoad(JavaKeyStore.java:70)
	at java.security.KeyStore.load(KeyStore.java:1445)
	at org.apache.ws.security.components.crypto.Merlin.load(Merlin.java:365)
	... 54 more
Caused by: java.security.UnrecoverableKeyException: Password verification failed
	at sun.security.provider.JavaKeyStore.engineLoad(JavaKeyStore.java:778)
	... 59 more

